{
  "stats": {
    "suites": 1,
    "tests": 1,
    "passes": 1,
    "pending": 0,
    "failures": 0,
    "start": "2021-08-16T23:56:16.293Z",
    "end": "2021-08-16T23:56:39.689Z",
    "duration": 23396,
    "testsRegistered": 1,
    "passPercent": 100,
    "pendingPercent": 0,
    "other": 0,
    "hasOther": false,
    "skipped": 0,
    "hasSkipped": false
  },
  "results": [
    {
      "uuid": "44dd8183-b0bc-4a8e-848d-82cc8fd7b676",
      "title": "",
      "fullFile": "cypress/integration/cadastrar_usuario.js",
      "file": "cypress/integration/cadastrar_usuario.js",
      "beforeHooks": [],
      "afterHooks": [],
      "tests": [],
      "suites": [
        {
          "uuid": "11ca233d-da4f-46b1-80b3-38cab68573de",
          "title": "Cadastro",
          "fullFile": "",
          "file": "",
          "beforeHooks": [],
          "afterHooks": [],
          "tests": [
            {
              "title": "Cadastrar um novo usuário",
              "fullTitle": "Cadastro Cadastrar um novo usuário",
              "timedOut": null,
              "duration": 23209,
              "state": "passed",
              "speed": "slow",
              "pass": true,
              "fail": false,
              "pending": false,
              "context": null,
              "code": "// cy.server()\n// cy.route({\n// method: 'POST',\n// url: '**/index.php',\n// status: 200,\n// response: {}\n// }).as('postindex');\ncy.visit(\"/index.php\");\ncy.get('.login').click(); // Create Account\ncy.get('input#email_create').type(chance.email());\ncy.get('button#SubmitCreate').click(); // cy.wait('@postindex').then((resindex) => {\n//     // com o serve / route\n//     expect(resindex.status).to.eq(200)\n//   })\n// Personal information\ncy.get('input#id_gender2').check();\ncy.get('input#customer_firstname').type(chance.first());\ncy.get('input#customer_lastname').type(chance.last());\ncy.get('input#passwd').type(chance.string({\n  length: 5\n}));\ncy.get('select#days').select('1');\ncy.get('select#months').select('January');\ncy.get('select#years').select('1996');\ncy.get('input#newsletter').check();\ncy.get('input#optin').check(); // Address\ncy.get('input#firstname').type(chance.first());\ncy.get('input#lastname').type(chance.last());\ncy.get('input#address1').type(chance.address());\ncy.get('input#city').type(chance.city());\ncy.get('select#id_state').select('California', {\n  force: true\n});\ncy.get('input#postcode').type(chance.zip());\ncy.get('input#phone_mobile').type(chance.phone({\n  formatted: false\n}));\ncy.get('button#submitAccount').click(); // validate text\ncy.get('.info-account').should('contain.text', 'Welcome to your account'); // validate url after register\ncy.url().should('contain', 'index.php?controller=my-account');",
              "err": {},
              "uuid": "e021d4dd-c1c7-4cb4-9df5-5b4503839f19",
              "parentUUID": "11ca233d-da4f-46b1-80b3-38cab68573de",
              "isHook": false,
              "skipped": false
            }
          ],
          "suites": [],
          "passes": [
            "e021d4dd-c1c7-4cb4-9df5-5b4503839f19"
          ],
          "failures": [],
          "pending": [],
          "skipped": [],
          "duration": 23209,
          "root": false,
          "rootEmpty": false,
          "_timeout": 2000
        }
      ],
      "passes": [],
      "failures": [],
      "pending": [],
      "skipped": [],
      "duration": 0,
      "root": true,
      "rootEmpty": true,
      "_timeout": 2000
    }
  ],
  "meta": {
    "mocha": {
      "version": "7.0.1"
    },
    "mochawesome": {
      "options": {
        "quiet": true,
        "reportFilename": "mochawesome",
        "saveHtml": false,
        "saveJson": true,
        "consoleReporter": "spec",
        "useInlineDiffs": false,
        "code": true
      },
      "version": "6.2.2"
    },
    "marge": {
      "options": {
        "id": "default",
        "reportDir": "mochawesome-report",
        "quiet": true,
        "overwrite": false,
        "html": false,
        "json": true
      },
      "version": "5.2.0"
    }
  }
}